<?xml version="1.0" encoding="utf-8"?>
<coverage line-rate="0.42869999999999997" branch-rate="0.18789999999999998" version="1.9" timestamp="1775968908" lines-covered="566" lines-valid="1320" branches-covered="56" branches-valid="298">
  <sources>
    <source>/Users/arkan/Vault/</source>
  </sources>
  <packages>
    <package name="Vault" line-rate="0.42869999999999997" branch-rate="0.18789999999999998" complexity="385">
      <classes>
        <class name="Program" filename="Program.cs" line-rate="0.6869" branch-rate="0.5832999999999999" complexity="12">
          <methods>
            <method name="&lt;Main&gt;$" signature="(System.String[])" line-rate="0.6869" branch-rate="0.5832999999999999" complexity="12">
              <lines>
                <line number="15" hits="18" branch="False" />
                <line number="16" hits="18" branch="False" />
                <line number="17" hits="18" branch="False" />
                <line number="18" hits="18" branch="False" />
                <line number="19" hits="18" branch="False" />
                <line number="20" hits="18" branch="False" />
                <line number="21" hits="18" branch="False" />
                <line number="22" hits="18" branch="False" />
                <line number="23" hits="18" branch="False" />
                <line number="24" hits="18" branch="False" />
                <line number="25" hits="18" branch="False" />
                <line number="26" hits="18" branch="False" />
                <line number="27" hits="18" branch="False" />
                <line number="30" hits="18" branch="False" />
                <line number="31" hits="18" branch="False" />
                <line number="33" hits="18" branch="False" />
                <line number="36" hits="18" branch="False" />
                <line number="39" hits="18" branch="False" />
                <line number="42" hits="18" branch="False" />
                <line number="43" hits="18" branch="False" />
                <line number="46" hits="18" branch="False" />
                <line number="49" hits="18" branch="False" />
                <line number="50" hits="18" branch="False" />
                <line number="53" hits="18" branch="False" />
                <line number="54" hits="18" branch="False" />
                <line number="57" hits="18" branch="False" />
                <line number="60" hits="18" branch="True" condition-coverage="50% (1/2)">
                  <conditions>
                    <condition number="389" type="jump" coverage="50%" />
                  </conditions>
                </line>
                <line number="61" hits="18" branch="True" condition-coverage="50% (1/2)">
                  <conditions>
                    <condition number="431" type="jump" coverage="50%" />
                  </conditions>
                </line>
                <line number="62" hits="18" branch="True" condition-coverage="50% (1/2)">
                  <conditions>
                    <condition number="473" type="jump" coverage="50%" />
                  </conditions>
                </line>
                <line number="64" hits="18" branch="False" />
                <line number="65" hits="18" branch="False" />
                <line number="66" hits="18" branch="False" />
                <line number="67" hits="18" branch="False" />
                <line number="68" hits="18" branch="False" />
                <line number="69" hits="18" branch="False" />
                <line number="70" hits="6" branch="False" />
                <line number="71" hits="6" branch="False" />
                <line number="72" hits="6" branch="False" />
                <line number="73" hits="6" branch="False" />
                <line number="74" hits="6" branch="False" />
                <line number="75" hits="6" branch="False" />
                <line number="76" hits="6" branch="False" />
                <line number="77" hits="6" branch="False" />
                <line number="78" hits="6" branch="False" />
                <line number="79" hits="6" branch="False" />
                <line number="80" hits="6" branch="False" />
                <line number="81" hits="24" branch="False" />
                <line number="83" hits="18" branch="False" />
                <line number="86" hits="18" branch="False" />
                <line number="87" hits="18" branch="False" />
                <line number="88" hits="0" branch="False" />
                <line number="89" hits="0" branch="False" />
                <line number="90" hits="0" branch="False" />
                <line number="91" hits="0" branch="False" />
                <line number="92" hits="0" branch="False" />
                <line number="93" hits="0" branch="False" />
                <line number="94" hits="0" branch="False" />
                <line number="95" hits="18" branch="False" />
                <line number="96" hits="18" branch="False" />
                <line number="97" hits="0" branch="False" />
                <line number="98" hits="0" branch="False" />
                <line number="99" hits="0" branch="False" />
                <line number="100" hits="0" branch="False" />
                <line number="101" hits="0" branch="False" />
                <line number="102" hits="0" branch="False" />
                <line number="103" hits="0" branch="False" />
                <line number="104" hits="0" branch="False" />
                <line number="105" hits="0" branch="False" />
                <line number="106" hits="18" branch="False" />
                <line number="107" hits="0" branch="False" />
                <line number="108" hits="0" branch="False" />
                <line number="109" hits="0" branch="False" />
                <line number="110" hits="0" branch="False" />
                <line number="111" hits="0" branch="False" />
                <line number="112" hits="0" branch="False" />
                <line number="113" hits="0" branch="False" />
                <line number="114" hits="0" branch="False" />
                <line number="115" hits="18" branch="False" />
                <line number="118" hits="18" branch="True" condition-coverage="50% (1/2)">
                  <conditions>
                    <condition number="667" type="jump" coverage="50%" />
                  </conditions>
                </line>
                <line number="119" hits="18" branch="False" />
                <line number="120" hits="18" branch="False" />
                <line number="122" hits="18" branch="False" />
                <line number="123" hits="18" branch="False" />
                <line number="124" hits="18" branch="True" condition-coverage="100% (2/2)">
                  <conditions>
                    <condition number="14" type="jump" coverage="100%" />
                  </conditions>
                </line>
                <line number="125" hits="18" branch="False" />
                <line number="126" hits="18" branch="False" />
                <line number="127" hits="18" branch="False" />
                <line number="128" hits="18" branch="False" />
                <line number="129" hits="36" branch="False" />
                <line number="130" hits="36" branch="False" />
                <line number="132" hits="18" branch="False" />
                <line number="135" hits="18" branch="True" condition-coverage="50% (1/2)">
                  <conditions>
                    <condition number="738" type="jump" coverage="50%" />
                  </conditions>
                </line>
                <line number="136" hits="0" branch="False" />
                <line number="137" hits="0" branch="False" />
                <line number="138" hits="0" branch="False" />
                <line number="139" hits="0" branch="False" />
                <line number="140" hits="0" branch="False" />
                <line number="141" hits="0" branch="False" />
                <line number="142" hits="0" branch="False" />
                <line number="143" hits="0" branch="False" />
                <line number="148" hits="18" branch="False" />
                <line number="150" hits="18" branch="False" />
                <line number="152" hits="18" branch="False" />
                <line number="153" hits="18" branch="False" />
                <line number="155" hits="18" branch="False" />
                <line number="157" hits="18" branch="False" />
                <line number="158" hits="18" branch="False" />
                <line number="159" hits="18" branch="False" />
                <line number="160" hits="0" branch="False" />
                <line number="161" hits="0" branch="False" />
                <line number="162" hits="0" branch="False" />
                <line number="163" hits="0" branch="False" />
                <line number="166" hits="18" branch="False" />
                <line number="167" hits="18" branch="False" />
                <line number="168" hits="18" branch="False" />
              </lines>
            </method>
          </methods>
          <lines>
            <line number="15" hits="18" branch="False" />
            <line number="16" hits="18" branch="False" />
            <line number="17" hits="18" branch="False" />
            <line number="18" hits="18" branch="False" />
            <line number="19" hits="18" branch="False" />
            <line number="20" hits="18" branch="False" />
            <line number="21" hits="18" branch="False" />
            <line number="22" hits="18" branch="False" />
            <line number="23" hits="18" branch="False" />
            <line number="24" hits="18" branch="False" />
            <line number="25" hits="18" branch="False" />
            <line number="26" hits="18" branch="False" />
            <line number="27" hits="18" branch="False" />
            <line number="30" hits="18" branch="False" />
            <line number="31" hits="18" branch="False" />
            <line number="33" hits="18" branch="False" />
            <line number="36" hits="18" branch="False" />
            <line number="39" hits="18" branch="False" />
            <line number="42" hits="18" branch="False" />
            <line number="43" hits="18" branch="False" />
            <line number="46" hits="18" branch="False" />
            <line number="49" hits="18" branch="False" />
            <line number="50" hits="18" branch="False" />
            <line number="53" hits="18" branch="False" />
            <line number="54" hits="18" branch="False" />
            <line number="57" hits="18" branch="False" />
            <line number="60" hits="18" branch="True" condition-coverage="50% (1/2)">
              <conditions>
                <condition number="389" type="jump" coverage="50%" />
              </conditions>
            </line>
            <line number="61" hits="18" branch="True" condition-coverage="50% (1/2)">
              <conditions>
                <condition number="431" type="jump" coverage="50%" />
              </conditions>
            </line>
            <line number="62" hits="18" branch="True" condition-coverage="50% (1/2)">
              <conditions>
                <condition number="473" type="jump" coverage="50%" />
              </conditions>
            </line>
            <line number="64" hits="18" branch="False" />
            <line number="65" hits="18" branch="False" />
            <line number="66" hits="18" branch="False" />
            <line number="67" hits="18" branch="False" />
            <line number="68" hits="18" branch="False" />
            <line number="69" hits="18" branch="False" />
            <line number="70" hits="6" branch="False" />
            <line number="71" hits="6" branch="False" />
            <line number="72" hits="6" branch="False" />
            <line number="73" hits="6" branch="False" />
            <line number="74" hits="6" branch="False" />
            <line number="75" hits="6" branch="False" />
            <line number="76" hits="6" branch="False" />
            <line number="77" hits="6" branch="False" />
            <line number="78" hits="6" branch="False" />
            <line number="79" hits="6" branch="False" />
            <line number="80" hits="6" branch="False" />
            <line number="81" hits="24" branch="False" />
            <line number="83" hits="18" branch="False" />
            <line number="86" hits="18" branch="False" />
            <line number="87" hits="18" branch="False" />
            <line number="88" hits="0" branch="False" />
            <line number="89" hits="0" branch="False" />
            <line number="90" hits="0" branch="False" />
            <line number="91" hits="0" branch="False" />
            <line number="92" hits="0" branch="False" />
            <line number="93" hits="0" branch="False" />
            <line number="94" hits="0" branch="False" />
            <line number="95" hits="18" branch="False" />
            <line number="96" hits="18" branch="False" />
            <line number="97" hits="0" branch="False" />
            <line number="98" hits="0" branch="False" />
            <line number="99" hits="0" branch="False" />
            <line number="100" hits="0" branch="False" />
            <line number="101" hits="0" branch="False" />
            <line number="102" hits="0" branch="False" />
            <line number="103" hits="0" branch="False" />
            <line number="104" hits="0" branch="False" />
            <line number="105" hits="0" branch="False" />
            <line number="106" hits="18" branch="False" />
            <line number="107" hits="0" branch="False" />
            <line number="108" hits="0" branch="False" />
            <line number="109" hits="0" branch="False" />
            <line number="110" hits="0" branch="False" />
            <line number="111" hits="0" branch="False" />
            <line number="112" hits="0" branch="False" />
            <line number="113" hits="0" branch="False" />
            <line number="114" hits="0" branch="False" />
            <line number="115" hits="18" branch="False" />
            <line number="118" hits="18" branch="True" condition-coverage="50% (1/2)">
              <conditions>
                <condition number="667" type="jump" coverage="50%" />
              </conditions>
            </line>
            <line number="119" hits="18" branch="False" />
            <line number="120" hits="18" branch="False" />
            <line number="122" hits="18" branch="False" />
            <line number="123" hits="18" branch="False" />
            <line number="124" hits="18" branch="True" condition-coverage="100% (2/2)">
              <conditions>
                <condition number="14" type="jump" coverage="100%" />
              </conditions>
            </line>
            <line number="125" hits="18" branch="False" />
            <line number="126" hits="18" branch="False" />
            <line number="127" hits="18" branch="False" />
            <line number="128" hits="18" branch="False" />
            <line number="129" hits="36" branch="False" />
            <line number="130" hits="36" branch="False" />
            <line number="132" hits="18" branch="False" />
            <line number="135" hits="18" branch="True" condition-coverage="50% (1/2)">
              <conditions>
                <condition number="738" type="jump" coverage="50%" />
              </conditions>
            </line>
            <line number="136" hits="0" branch="False" />
            <line number="137" hits="0" branch="False" />
            <line number="138" hits="0" branch="False" />
            <line number="139" hits="0" branch="False" />
            <line number="140" hits="0" branch="False" />
            <line number="141" hits="0" branch="False" />
            <line number="142" hits="0" branch="False" />
            <line number="143" hits="0" branch="False" />
            <line number="148" hits="18" branch="False" />
            <line number="150" hits="18" branch="False" />
            <line number="152" hits="18" branch="False" />
            <line number="153" hits="18" branch="False" />
            <line number="155" hits="18" branch="False" />
            <line number="157" hits="18" branch="False" />
            <line number="158" hits="18" branch="False" />
            <line number="159" hits="18" branch="False" />
            <line number="160" hits="0" branch="False" />
            <line number="161" hits="0" branch="False" />
            <line number="162" hits="0" branch="False" />
            <line number="163" hits="0" branch="False" />
            <line number="166" hits="18" branch="False" />
            <line number="167" hits="18" branch="False" />
            <line number="168" hits="18" branch="False" />
          </lines>
        </class>
        <class name="Microsoft.AspNetCore.OpenApi.Generated.&lt;OpenApiXmlCommentSupport_generated&gt;FAF2FF2458ADE6A181EA41B1DC4B86C491B11E21769EBB6594E83AD3AFDA469CF__XmlComment" filename="obj/Debug/net10.0/Microsoft.AspNetCore.OpenApi.SourceGenerators/Microsoft.AspNetCore.OpenApi.SourceGenerators.XmlCommentGenerator/OpenApiXmlCommentSupport.generated.cs" line-rate="0" branch-rate="1" complexity="10">
          <methods>
            <method name="get_Summary" signature="()" line-rate="0" branch-rate="1" complexity="1">
              <lines>
                <line number="47" hits="0" branch="False" />
              </lines>
            </method>
            <method name="get_Description" signature="()" line-rate="0" branch-rate="1" complexity="1">
              <lines>
                <line number="48" hits="0" branch="False" />
              </lines>
            </method>
            <method name="get_Remarks" signature="()" line-rate="0" branch-rate="1" complexity="1">
              <lines>
                <line number="49" hits="0" branch="False" />
              </lines>
            </method>
            <method name="get_Returns" signature="()" line-rate="0" branch-rate="1" complexity="1">
              <lines>
                <line number="50" hits="0" branch="False" />
              </lines>
            </method>
            <method name="get_Value" signature="()" line-rate="0" branch-rate="1" complexity="1">
              <lines>
                <line number="51" hits="0" branch="False" />
              </lines>
            </method>
            <method name="get_Deprecated" signature="()" line-rate="0" branch-rate="1" complexity="1">
              <lines>
                <line number="52" hits="0" branch="False" />
              </lines>
            </method>
            <method name="get_Examples" signature="()" line-rate="0" branch-rate="1" complexity="1">
              <lines>
                <line number="53" hits="0" branch="False" />
              </lines>
            </method>
            <method name="get_Parameters" signature="()" line-rate="0" branch-rate="1" complexity="1">
              <lines>
                <line number="54" hits="0" branch="False" />
              </lines>
            </method>
            <method name="get_Responses" signature="()" line-rate="0" branch-rate="1" complexity="1">
              <lines>
                <line number="55" hits="0" branch="False" />
              </lines>
            </method>
            <method name=".ctor" signature="(System.String,System.String,System.String,System.String,System.String,System.Boolean,System.Collections.Generic.List`1&lt;System.String&gt;,System.Collections.Generic.List`1&lt;Microsoft.AspNetCore.OpenApi.Generated.&lt;OpenApiXmlCommentSupport_generated&gt;FAF2FF2458ADE6A181EA41B1DC4B86C491B11E21769EBB6594E83AD3AFDA469CF__XmlParameterComment&gt;,System.Collections.Generic.List`1&lt;Microsoft.AspNetCore.OpenApi.Generated.&lt;OpenApiXmlCommentSupport_generated&gt;FAF2FF2458ADE6A181EA41B1DC4B86C491B11E21769EBB6594E83AD3AFDA469CF__XmlResponseComment&gt;)" line-rate="0" branch-rate="1" complexity="1">
              <lines>
                <line number="46" hits="0" branch="False" />
              </lines>
            </method>
          </methods>
          <lines>
            <line number="47" hits="0" branch="False" />
            <line number="48" hits="0" branch="False" />
            <line number="49" hits="0" branch="False" />
            <line number="50" hits="0" branch="False" />
            <line number="51" hits="0" branch="False" />
            <line number="52" hits="0" branch="False" />
            <line number="53" hits="0" branch="False" />
            <line number="54" hits="0" branch="False" />
            <line number="55" hits="0" branch="False" />
            <line number="46" hits="0" branch="False" />
          </lines>
        </class>
        <class name="Microsoft.AspNetCore.OpenApi.Generated.&lt;OpenApiXmlCommentSupport_generated&gt;FAF2FF2458ADE6A181EA41B1DC4B86C491B11E21769EBB6594E83AD3AFDA469CF__XmlParameterComment" filename="obj/Debug/net10.0/Microsoft.AspNetCore.OpenApi.SourceGenerators/Microsoft.AspNetCore.OpenApi.SourceGenerators.XmlCommentGenerator/OpenApiXmlCommentSupport.generated.cs" line-rate="0" branch-rate="1" complexity="1">
          <methods>
            <method name="get_Name" signature="()" line-rate="0" branch-rate="1" complexity="1">
              <lines>
                <line number="58" hits="0" branch="False" />
              </lines>
            </method>
          </methods>
          <lines>
            <line number="58" hits="0" branch="False" />
          </lines>
        </class>
        <class name="Microsoft.AspNetCore.OpenApi.Generated.&lt;OpenApiXmlCommentSupport_generated&gt;FAF2FF2458ADE6A181EA41B1DC4B86C491B11E21769EBB6594E83AD3AFDA469CF__XmlResponseComment" filename="obj/Debug/net10.0/Microsoft.AspNetCore.OpenApi.SourceGenerators/Microsoft.AspNetCore.OpenApi.SourceGenerators.XmlCommentGenerator/OpenApiXmlCommentSupport.generated.cs" line-rate="0" branch-rate="1" complexity="1">
          <methods>
            <method name="get_Code" signature="()" line-rate="0" branch-rate="1" complexity="1">
              <lines>
                <line number="61" hits="0" branch="False" />
              </lines>
            </method>
          </methods>
          <lines>
            <line number="61" hits="0" branch="False" />
          </lines>
        </class>
        <class name="Microsoft.AspNetCore.OpenApi.Generated.&lt;OpenApiXmlCommentSupport_generated&gt;FAF2FF2458ADE6A181EA41B1DC4B86C491B11E21769EBB6594E83AD3AFDA469CF__XmlCommentCache" filename="obj/Debug/net10.0/Microsoft.AspNetCore.OpenApi.SourceGenerators/Microsoft.AspNetCore.OpenApi.SourceGenerators.XmlCommentGenerator/OpenApiXmlCommentSupport.generated.cs" line-rate="0" branch-rate="0" complexity="3">
          <methods>
            <method name="get_Cache" signature="()" line-rate="0" branch-rate="0" complexity="2">
              <lines>
                <line number="67" hits="0" branch="True" condition-coverage="0% (0/2)">
                  <conditions>
                    <condition number="6" type="jump" coverage="0%" />
                  </conditions>
                </line>
              </lines>
            </method>
            <method name="GenerateCacheEntries" signature="()" line-rate="0" branch-rate="1" complexity="1">
              <lines>
                <line number="70" hits="0" branch="False" />
                <line number="71" hits="0" branch="False" />
                <line number="74" hits="0" branch="False" />
                <line number="75" hits="0" branch="False" />
              </lines>
            </method>
          </methods>
          <lines>
            <line number="67" hits="0" branch="True" condition-coverage="0% (0/2)">
              <conditions>
                <condition number="6" type="jump" coverage="0%" />
              </conditions>
            </line>
            <line number="70" hits="0" branch="False" />
            <line number="71" hits="0" branch="False" />
            <line number="74" hits="0" branch="False" />
            <line number="75" hits="0" branch="False" />
          </lines>
        </class>
        <class name="Microsoft.AspNetCore.OpenApi.Generated.&lt;OpenApiXmlCommentSupport_generated&gt;FAF2FF2458ADE6A181EA41B1DC4B86C491B11E21769EBB6594E83AD3AFDA469CF__DocumentationCommentIdHelper" filename="obj/Debug/net10.0/Microsoft.AspNetCore.OpenApi.SourceGenerators/Microsoft.AspNetCore.OpenApi.SourceGenerators.XmlCommentGenerator/OpenApiXmlCommentSupport.generated.cs" line-rate="0" branch-rate="0" complexity="68">
          <methods>
            <method name="CreateDocumentationId" signature="(System.Type)" line-rate="0" branch-rate="0" complexity="2">
              <lines>
                <line number="86" hits="0" branch="False" />
                <line number="87" hits="0" branch="True" condition-coverage="0% (0/2)">
                  <conditions>
                    <condition number="10" type="jump" coverage="0%" />
                  </conditions>
                </line>
                <line number="88" hits="0" branch="False" />
                <line number="89" hits="0" branch="False" />
                <line number="92" hits="0" branch="False" />
                <line number="93" hits="0" branch="False" />
              </lines>
            </method>
            <method name="CreateDocumentationId" signature="(System.Reflection.PropertyInfo)" line-rate="0" branch-rate="0" complexity="10">
              <lines>
                <line number="100" hits="0" branch="False" />
                <line number="101" hits="0" branch="True" condition-coverage="0% (0/2)">
                  <conditions>
                    <condition number="10" type="jump" coverage="0%" />
                  </conditions>
                </line>
                <line number="102" hits="0" branch="False" />
                <line number="103" hits="0" branch="False" />
                <line number="106" hits="0" branch="False" />
                <line number="107" hits="0" branch="False" />
                <line number="109" hits="0" branch="True" condition-coverage="0% (0/2)">
                  <conditions>
                    <condition number="56" type="jump" coverage="0%" />
                  </conditions>
                </line>
                <line number="110" hits="0" branch="False" />
                <line number="111" hits="0" branch="False" />
                <line number="112" hits="0" branch="False" />
                <line number="114" hits="0" branch="False" />
                <line number="115" hits="0" branch="False" />
                <line number="118" hits="0" branch="False" />
                <line number="119" hits="0" branch="True" condition-coverage="0% (0/2)">
                  <conditions>
                    <condition number="118" type="jump" coverage="0%" />
                  </conditions>
                </line>
                <line number="120" hits="0" branch="False" />
                <line number="121" hits="0" branch="False" />
                <line number="122" hits="0" branch="True" condition-coverage="0% (0/2)">
                  <conditions>
                    <condition number="199" type="jump" coverage="0%" />
                  </conditions>
                </line>
                <line number="123" hits="0" branch="False" />
                <line number="124" hits="0" branch="True" condition-coverage="0% (0/2)">
                  <conditions>
                    <condition number="145" type="jump" coverage="0%" />
                  </conditions>
                </line>
                <line number="125" hits="0" branch="False" />
                <line number="126" hits="0" branch="False" />
                <line number="127" hits="0" branch="False" />
                <line number="129" hits="0" branch="False" />
                <line number="130" hits="0" branch="False" />
                <line number="131" hits="0" branch="False" />
                <line number="132" hits="0" branch="False" />
                <line number="134" hits="0" branch="False" />
                <line number="135" hits="0" branch="False" />
              </lines>
            </method>
            <method name="CreateDocumentationId" signature="(System.Type,System.String)" line-rate="0" branch-rate="0" complexity="4">
              <lines>
                <line number="142" hits="0" branch="False" />
                <line number="143" hits="0" branch="True" condition-coverage="0% (0/2)">
                  <conditions>
                    <condition number="10" type="jump" coverage="0%" />
                  </conditions>
                </line>
                <line number="144" hits="0" branch="False" />
                <line number="145" hits="0" branch="False" />
                <line number="147" hits="0" branch="True" condition-coverage="0% (0/2)">
                  <conditions>
                    <condition number="32" type="jump" coverage="0%" />
                  </conditions>
                </line>
                <line number="148" hits="0" branch="False" />
                <line number="149" hits="0" branch="False" />
                <line number="152" hits="0" branch="False" />
                <line number="153" hits="0" branch="False" />
                <line number="154" hits="0" branch="False" />
                <line number="155" hits="0" branch="False" />
                <line number="156" hits="0" branch="False" />
                <line number="158" hits="0" branch="False" />
                <line number="159" hits="0" branch="False" />
              </lines>
            </method>
            <method name="CreateDocumentationId" signature="(System.Reflection.MethodInfo)" line-rate="0" branch-rate="0" complexity="18">
              <lines>
                <line number="168" hits="0" branch="False" />
                <line number="169" hits="0" branch="True" condition-coverage="0% (0/2)">
                  <conditions>
                    <condition number="10" type="jump" coverage="0%" />
                  </conditions>
                </line>
                <line number="170" hits="0" branch="False" />
                <line number="171" hits="0" branch="False" />
                <line number="174" hits="0" branch="False" />
                <line number="175" hits="0" branch="False" />
                <line number="178" hits="0" branch="True" condition-coverage="0% (0/2)">
                  <conditions>
                    <condition number="56" type="jump" coverage="0%" />
                  </conditions>
                </line>
                <line number="179" hits="0" branch="False" />
                <line number="180" hits="0" branch="False" />
                <line number="181" hits="0" branch="False" />
                <line number="183" hits="0" branch="False" />
                <line number="186" hits="0" branch="True" condition-coverage="0% (0/2)">
                  <conditions>
                    <condition number="99" type="jump" coverage="0%" />
                  </conditions>
                </line>
                <line number="187" hits="0" branch="False" />
                <line number="188" hits="0" branch="True" condition-coverage="0% (0/2)">
                  <conditions>
                    <condition number="109" type="jump" coverage="0%" />
                  </conditions>
                </line>
                <line number="189" hits="0" branch="False" />
                <line number="191" hits="0" branch="False" />
                <line number="192" hits="0" branch="False" />
                <line number="193" hits="0" branch="True" condition-coverage="0% (0/2)">
                  <conditions>
                    <condition number="156" type="jump" coverage="0%" />
                  </conditions>
                </line>
                <line number="194" hits="0" branch="False" />
                <line number="195" hits="0" branch="False" />
                <line number="196" hits="0" branch="False" />
                <line number="197" hits="0" branch="False" />
                <line number="198" hits="0" branch="False" />
                <line number="201" hits="0" branch="False" />
                <line number="202" hits="0" branch="True" condition-coverage="0% (0/2)">
                  <conditions>
                    <condition number="219" type="jump" coverage="0%" />
                  </conditions>
                </line>
                <line number="203" hits="0" branch="False" />
                <line number="204" hits="0" branch="False" />
                <line number="205" hits="0" branch="True" condition-coverage="0% (0/2)">
                  <conditions>
                    <condition number="300" type="jump" coverage="0%" />
                  </conditions>
                </line>
                <line number="206" hits="0" branch="False" />
                <line number="207" hits="0" branch="True" condition-coverage="0% (0/2)">
                  <conditions>
                    <condition number="246" type="jump" coverage="0%" />
                  </conditions>
                </line>
                <line number="208" hits="0" branch="False" />
                <line number="209" hits="0" branch="False" />
                <line number="210" hits="0" branch="False" />
                <line number="213" hits="0" branch="False" />
                <line number="214" hits="0" branch="False" />
                <line number="215" hits="0" branch="False" />
                <line number="216" hits="0" branch="False" />
                <line number="219" hits="0" branch="True" condition-coverage="0% (0/2)">
                  <conditions>
                    <condition number="337" type="jump" coverage="0%" />
                  </conditions>
                </line>
                <line number="220" hits="0" branch="False" />
                <line number="221" hits="0" branch="False" />
                <line number="223" hits="0" branch="False" />
                <line number="224" hits="0" branch="False" />
                <line number="226" hits="0" branch="False" />
                <line number="227" hits="0" branch="False" />
              </lines>
            </method>
            <method name="GetTypeDocId" signature="(System.Type,System.Boolean,System.Boolean)" line-rate="0" branch-rate="0" complexity="28">
              <lines>
                <line number="238" hits="0" branch="False" />
                <line number="239" hits="0" branch="True" condition-coverage="0% (0/2)">
                  <conditions>
                    <condition number="9" type="jump" coverage="0%" />
                  </conditions>
                </line>
                <line number="240" hits="0" branch="False" />
                <line number="242" hits="0" branch="True" condition-coverage="0% (0/2)">
                  <conditions>
                    <condition number="26" type="jump" coverage="0%" />
                  </conditions>
                </line>
                <line number="243" hits="0" branch="False" />
                <line number="244" hits="0" branch="False" />
                <line number="246" hits="0" branch="True" condition-coverage="0% (0/2)">
                  <conditions>
                    <condition number="75" type="jump" coverage="0%" />
                  </conditions>
                </line>
                <line number="247" hits="0" branch="False" />
                <line number="248" hits="0" branch="False" />
                <line number="251" hits="0" branch="False" />
                <line number="252" hits="0" branch="False" />
                <line number="256" hits="0" branch="True" condition-coverage="0% (0/2)">
                  <conditions>
                    <condition number="131" type="jump" coverage="0%" />
                  </conditions>
                </line>
                <line number="257" hits="0" branch="False" />
                <line number="258" hits="0" branch="False" />
                <line number="259" hits="0" branch="True" condition-coverage="0% (0/2)">
                  <conditions>
                    <condition number="153" type="jump" coverage="0%" />
                  </conditions>
                </line>
                <line number="261" hits="0" branch="False" />
                <line number="264" hits="0" branch="True" condition-coverage="0% (0/2)">
                  <conditions>
                    <condition number="271" type="jump" coverage="0%" />
                  </conditions>
                </line>
                <line number="265" hits="0" branch="False" />
                <line number="266" hits="0" branch="False" />
                <line number="267" hits="0" branch="True" condition-coverage="0% (0/2)">
                  <conditions>
                    <condition number="206" type="jump" coverage="0%" />
                  </conditions>
                </line>
                <line number="268" hits="0" branch="False" />
                <line number="269" hits="0" branch="False" />
                <line number="270" hits="0" branch="False" />
                <line number="271" hits="0" branch="True" condition-coverage="0% (0/2)">
                  <conditions>
                    <condition number="232" type="jump" coverage="0%" />
                  </conditions>
                </line>
                <line number="272" hits="0" branch="False" />
                <line number="273" hits="0" branch="False" />
                <line number="276" hits="0" branch="False" />
                <line number="277" hits="0" branch="False" />
                <line number="278" hits="0" branch="False" />
                <line number="279" hits="0" branch="False" />
                <line number="281" hits="0" branch="True" condition-coverage="0% (0/2)">
                  <conditions>
                    <condition number="281" type="jump" coverage="0%" />
                  </conditions>
                </line>
                <line number="282" hits="0" branch="False" />
                <line number="283" hits="0" branch="False" />
                <line number="284" hits="0" branch="False" />
                <line number="285" hits="0" branch="False" />
                <line number="286" hits="0" branch="False" />
                <line number="288" hits="0" branch="True" condition-coverage="0% (0/4)">
                  <conditions>
                    <condition number="332" type="jump" coverage="0%" />
                    <condition number="350" type="jump" coverage="0%" />
                  </conditions>
                </line>
                <line number="289" hits="0" branch="False" />
                <line number="290" hits="0" branch="False" />
                <line number="291" hits="0" branch="False" />
                <line number="293" hits="0" branch="True" condition-coverage="0% (0/2)">
                  <conditions>
                    <condition number="439" type="jump" coverage="0%" />
                  </conditions>
                </line>
                <line number="294" hits="0" branch="False" />
                <line number="295" hits="0" branch="True" condition-coverage="0% (0/2)">
                  <conditions>
                    <condition number="386" type="jump" coverage="0%" />
                  </conditions>
                </line>
                <line number="296" hits="0" branch="False" />
                <line number="297" hits="0" branch="False" />
                <line number="298" hits="0" branch="False" />
                <line number="300" hits="0" branch="False" />
                <line number="301" hits="0" branch="False" />
                <line number="303" hits="0" branch="False" />
                <line number="304" hits="0" branch="False" />
                <line number="306" hits="0" branch="False" />
                <line number="310" hits="0" branch="True" condition-coverage="0% (0/2)">
                  <conditions>
                    <condition number="469" type="jump" coverage="0%" />
                  </conditions>
                </line>
                <line number="311" hits="0" branch="False" />
              </lines>
            </method>
            <method name="NormalizeDocId" signature="(System.String)" line-rate="0" branch-rate="0" complexity="6">
              <lines>
                <line number="320" hits="0" branch="False" />
                <line number="322" hits="0" branch="False" />
                <line number="323" hits="0" branch="True" condition-coverage="0% (0/2)">
                  <conditions>
                    <condition number="16" type="jump" coverage="0%" />
                  </conditions>
                </line>
                <line number="324" hits="0" branch="False" />
                <line number="326" hits="0" branch="False" />
                <line number="331" hits="0" branch="True" condition-coverage="0% (0/4)">
                  <conditions>
                    <condition number="34" type="jump" coverage="0%" />
                    <condition number="52" type="jump" coverage="0%" />
                  </conditions>
                </line>
                <line number="332" hits="0" branch="False" />
                <line number="333" hits="0" branch="False" />
                <line number="337" hits="0" branch="False" />
                <line number="338" hits="0" branch="False" />
              </lines>
            </method>
          </methods>
          <lines>
            <line number="86" hits="0" branch="False" />
            <line number="87" hits="0" branch="True" condition-coverage="0% (0/2)">
              <conditions>
                <condition number="10" type="jump" coverage="0%" />
              </conditions>
            </line>
            <line number="88" hits="0" branch="False" />
            <line number="89" hits="0" branch="False" />
            <line number="92" hits="0" branch="False" />
            <line number="93" hits="0" branch="False" />
            <line number="100" hits="0" branch="False" />
            <line number="101" hits="0" branch="True" condition-coverage="0% (0/2)">
              <conditions>
                <condition number="10" type="jump" coverage="0%" />
              </conditions>
            </line>
            <line number="102" hits="0" branch="False" />
            <line number="103" hits="0" branch="False" />
            <line number="106" hits="0" branch="False" />
            <line number="107" hits="0" branch="False" />
            <line number="109" hits="0" branch="True" condition-coverage="0% (0/2)">
              <conditions>
                <condition number="56" type="jump" coverage="0%" />
              </conditions>
            </line>
            <line number="110" hits="0" branch="False" />
            <line number="111" hits="0" branch="False" />
            <line number="112" hits="0" branch="False" />
            <line number="114" hits="0" branch="False" />
            <line number="115" hits="0" branch="False" />
            <line number="118" hits="0" branch="False" />
            <line number="119" hits="0" branch="True" condition-coverage="0% (0/2)">
              <conditions>
                <condition number="118" type="jump" coverage="0%" />
              </conditions>
            </line>
            <line number="120" hits="0" branch="False" />
            <line number="121" hits="0" branch="False" />
            <line number="122" hits="0" branch="True" condition-coverage="0% (0/2)">
              <conditions>
                <condition number="199" type="jump" coverage="0%" />
              </conditions>
            </line>
            <line number="123" hits="0" branch="False" />
            <line number="124" hits="0" branch="True" condition-coverage="0% (0/2)">
              <conditions>
                <condition number="145" type="jump" coverage="0%" />
              </conditions>
            </line>
            <line number="125" hits="0" branch="False" />
            <line number="126" hits="0" branch="False" />
            <line number="127" hits="0" branch="False" />
            <line number="129" hits="0" branch="False" />
            <line number="130" hits="0" branch="False" />
            <line number="131" hits="0" branch="False" />
            <line number="132" hits="0" branch="False" />
            <line number="134" hits="0" branch="False" />
            <line number="135" hits="0" branch="False" />
            <line number="142" hits="0" branch="False" />
            <line number="143" hits="0" branch="True" condition-coverage="0% (0/2)">
              <conditions>
                <condition number="10" type="jump" coverage="0%" />
              </conditions>
            </line>
            <line number="144" hits="0" branch="False" />
            <line number="145" hits="0" branch="False" />
            <line number="147" hits="0" branch="True" condition-coverage="0% (0/2)">
              <conditions>
                <condition number="32" type="jump" coverage="0%" />
              </conditions>
            </line>
            <line number="148" hits="0" branch="False" />
            <line number="149" hits="0" branch="False" />
            <line number="152" hits="0" branch="False" />
            <line number="153" hits="0" branch="False" />
            <line number="154" hits="0" branch="False" />
            <line number="155" hits="0" branch="False" />
            <line number="156" hits="0" branch="False" />
            <line number="158" hits="0" branch="False" />
            <line number="159" hits="0" branch="False" />
            <line number="168" hits="0" branch="False" />
            <line number="169" hits="0" branch="True" condition-coverage="0% (0/2)">
              <conditions>
                <condition number="10" type="jump" coverage="0%" />
              </conditions>
            </line>
            <line number="170" hits="0" branch="False" />
            <line number="171" hits="0" branch="False" />
            <line number="174" hits="0" branch="False" />
            <line number="175" hits="0" branch="False" />
            <line number="178" hits="0" branch="True" condition-coverage="0% (0/2)">
              <conditions>
                <condition number="56" type="jump" coverage="0%" />
              </conditions>
            </line>
            <line number="179" hits="0" branch="False" />
            <line number="180" hits="0" branch="False" />
            <line number="181" hits="0" branch="False" />
            <line number="183" hits="0" branch="False" />
            <line number="186" hits="0" branch="True" condition-coverage="0% (0/2)">
              <conditions>
                <condition number="99" type="jump" coverage="0%" />
              </conditions>
            </line>
            <line number="187" hits="0" branch="False" />
            <line number="188" hits="0" branch="True" condition-coverage="0% (0/2)">
              <conditions>
                <condition number="109" type="jump" coverage="0%" />
              </conditions>
            </line>
            <line number="189" hits="0" branch="False" />
            <line number="191" hits="0" branch="False" />
            <line number="192" hits="0" branch="False" />
            <line number="193" hits="0" branch="True" condition-coverage="0% (0/2)">
              <conditions>
                <condition number="156" type="jump" coverage="0%" />
              </conditions>
            </line>
            <line number="194" hits="0" branch="False" />
            <line number="195" hits="0" branch="False" />
            <line number="196" hits="0" branch="False" />
            <line number="197" hits="0" branch="False" />
            <line number="198" hits="0" branch="False" />
            <line number="201" hits="0" branch="False" />
            <line number="202" hits="0" branch="True" condition-coverage="0% (0/2)">
              <conditions>
                <condition number="219" type="jump" coverage="0%" />
              </conditions>
            </line>
            <line number="203" hits="0" branch="False" />
            <line number="204" hits="0" branch="False" />
            <line number="205" hits="0" branch="True" condition-coverage="0% (0/2)">
              <conditions>
                <condition number="300" type="jump" coverage="0%" />
              </conditions>
            </line>
            <line number="206" hits="0" branch="False" />
            <line number="207" hits="0" branch="True" condition-coverage="0% (0/2)">
              <conditions>
                <condition number="246" type="jump" coverage="0%" />
              </conditions>
            </line>
            <line number="208" hits="0" branch="False" />
            <line number="209" hits="0" branch="False" />
            <line number="210" hits="0" branch="False" />
            <line number="213" hits="0" branch="False" />
            <line number="214" hits="0" branch="False" />
            <line number="215" hits="0" branch="False" />
            <line number="216" hits="0" branch="False" />
            <line number="219" hits="0" branch="True" condition-coverage="0% (0/2)">
              <conditions>
                <condition number="337" type="jump" coverage="0%" />
              </conditions>
            </line>
            <line number="220" hits="0" branch="False" />
            <line number="221" hits="0" branch="False" />
            <line number="223" hits="0" branch="False" />
            <line number="224" hits="0" branch="False" />
            <line number="226" hits="0" branch="False" />
            <line number="227" hits="0" branch="False" />
            <line number="238" hits="0" branch="False" />
            <line number="239" hits="0" branch="True" condition-coverage="0% (0/2)">
              <conditions>
                <condition number="9" type="jump" coverage="0%" />
              </conditions>
            </line>
            <line number="240" hits="0" branch="False" />
            <line number="242" hits="0" branch="True" condition-coverage="0% (0/2)">
              <conditions>
                <condition number="26" type="jump" coverage="0%" />
              </conditions>
            </line>
            <line number="243" hits="0" branch="False" />
            <line number="244" hits="0" branch="False" />
            <line number="246" hits="0" branch="True" condition-coverage="0% (0/2)">
              <conditions>
                <condition number="75" type="jump" coverage="0%" />
              </conditions>
            </line>
            <line number="247" hits="0" branch="False" />
            <line number="248" hits="0" branch="False" />
            <line number="251" hits="0" branch="False" />
            <line number="252" hits="0" branch="False" />
            <line number="256" hits="0" branch="True" condition-coverage="0% (0/2)">
              <conditions>
                <condition number="131" type="jump" coverage="0%" />
              </conditions>
            </line>
            <line number="257" hits="0" branch="False" />
            <line number="258" hits="0" branch="False" />
            <line number="259" hits="0" branch="True" condition-coverage="0% (0/2)">
              <conditions>
                <condition number="153" type="jump" coverage="0%" />
              </conditions>
            </line>
            <line number="261" hits="0" branch="False" />
            <line number="264" hits="0" branch="True" condition-coverage="0% (0/2)">
              <conditions>
                <condition number="271" type="jump" coverage="0%" />
              </conditions>
            </line>
            <line number="265" hits="0" branch="False" />
            <line number="266" hits="0" branch="False" />
            <line number="267" hits="0" branch="True" condition-coverage="0% (0/2)">
              <conditions>
                <condition number="206" type="jump" coverage="0%" />
              </conditions>
            </line>
            <line number="268" hits="0" branch="False" />
            <line number="269" hits="0" branch="False" />
            <line number="270" hits="0" branch="False" />
            <line number="271" hits="0" branch="True" condition-coverage="0% (0/2)">
              <conditions>
                <condition number="232" type="jump" coverage="0%" />
              </conditions>
            </line>
            <line number="272" hits="0" branch="False" />
            <line number="273" hits="0" branch="False" />
            <line number="276" hits="0" branch="False" />
            <line number="277" hits="0" branch="False" />
            <line number="278" hits="0" branch="False" />
            <line number="279" hits="0" branch="False" />
            <line number="281" hits="0" branch="True" condition-coverage="0% (0/2)">
              <conditions>
                <condition number="281" type="jump" coverage="0%" />
              </conditions>
            </line>
            <line number="282" hits="0" branch="False" />
            <line number="283" hits="0" branch="False" />
            <line number="284" hits="0" branch="False" />
            <line number="285" hits="0" branch="False" />
            <line number="286" hits="0" branch="False" />
            <line number="288" hits="0" branch="True" condition-coverage="0% (0/4)">
              <conditions>
                <condition number="332" type="jump" coverage="0%" />
                <condition number="350" type="jump" coverage="0%" />
              </conditions>
            </line>
            <line number="289" hits="0" branch="False" />
            <line number="290" hits="0" branch="False" />
            <line number="291" hits="0" branch="False" />
            <line number="293" hits="0" branch="True" condition-coverage="0% (0/2)">
              <conditions>
                <condition number="439" type="jump" coverage="0%" />
              </conditions>
            </line>
            <line number="294" hits="0" branch="False" />
            <line number="295" hits="0" branch="True" condition-coverage="0% (0/2)">
              <conditions>
                <condition number="386" type="jump" coverage="0%" />
              </conditions>
            </line>
            <line number="296" hits="0" branch="False" />
            <line number="297" hits="0" branch="False" />
            <line number="298" hits="0" branch="False" />
            <line number="300" hits="0" branch="False" />
            <line number="301" hits="0" branch="False" />
            <line number="303" hits="0" branch="False" />
            <line number="304" hits="0" branch="False" />
            <line number="306" hits="0" branch="False" />
            <line number="310" hits="0" branch="True" condition-coverage="0% (0/2)">
              <conditions>
                <condition number="469" type="jump" coverage="0%" />
              </conditions>
            </line>
            <line number="311" hits="0" branch="False" />
            <line number="320" hits="0" branch="False" />
            <line number="322" hits="0" branch="False" />
            <line number="323" hits="0" branch="True" condition-coverage="0% (0/2)">
              <conditions>
                <condition number="16" type="jump" coverage="0%" />
              </conditions>
            </line>
            <line number="324" hits="0" branch="False" />
            <line number="326" hits="0" branch="False" />
            <line number="331" hits="0" branch="True" condition-coverage="0% (0/4)">
              <conditions>
                <condition number="34" type="jump" coverage="0%" />
                <condition number="52" type="jump" coverage="0%" />
              </conditions>
            </line>
            <line number="332" hits="0" branch="False" />
            <line number="333" hits="0" branch="False" />
            <line number="337" hits="0" branch="False" />
            <line number="338" hits="0" branch="False" />
          </lines>
        </class>
        <class name="Microsoft.AspNetCore.OpenApi.Generated.&lt;OpenApiXmlCommentSupport_generated&gt;FAF2FF2458ADE6A181EA41B1DC4B86C491B11E21769EBB6594E83AD3AFDA469CF__XmlCommentOperationTransformer" filename="obj/Debug/net10.0/Microsoft.AspNetCore.OpenApi.SourceGenerators/Microsoft.AspNetCore.OpenApi.SourceGenerators.XmlCommentGenerator/OpenApiXmlCommentSupport.generated.cs" line-rate="0" branch-rate="0" complexity="100">
          <methods>
            <method name="TransformAsync" signature="(Microsoft.OpenApi.OpenApiOperation,Microsoft.AspNetCore.OpenApi.OpenApiOperationTransformerContext,System.Threading.CancellationToken)" line-rate="0" branch-rate="0" complexity="94">
              <lines>
                <line number="345" hits="0" branch="False" />
                <line number="346" hits="0" branch="True" condition-coverage="0% (0/2)">
                  <conditions>
                    <condition number="19" type="jump" coverage="0%" />
                  </conditions>
                </line>
                <line number="347" hits="0" branch="False" />
                <line number="348" hits="0" branch="False" />
                <line number="350" hits="0" branch="True" condition-coverage="0% (0/2)">
                  <conditions>
                    <condition number="62" type="jump" coverage="0%" />
                  </conditions>
                </line>
                <line number="351" hits="0" branch="False" />
                <line number="352" hits="0" branch="False" />
                <line number="354" hits="0" branch="True" condition-coverage="0% (0/2)">
                  <conditions>
                    <condition number="104" type="jump" coverage="0%" />
                  </conditions>
                </line>
                <line number="355" hits="0" branch="False" />
                <line number="356" hits="0" branch="True" condition-coverage="0% (0/2)">
                  <conditions>
                    <condition number="127" type="jump" coverage="0%" />
                  </conditions>
                </line>
                <line number="357" hits="0" branch="False" />
                <line number="358" hits="0" branch="False" />
                <line number="359" hits="0" branch="False" />
                <line number="360" hits="0" branch="True" condition-coverage="0% (0/2)">
                  <conditions>
                    <condition number="157" type="jump" coverage="0%" />
                  </conditions>
                </line>
                <line number="361" hits="0" branch="False" />
                <line number="362" hits="0" branch="False" />
                <line number="363" hits="0" branch="False" />
                <line number="364" hits="0" branch="True" condition-coverage="0% (0/2)">
                  <conditions>
                    <condition number="187" type="jump" coverage="0%" />
                  </conditions>
                </line>
                <line number="365" hits="0" branch="False" />
                <line number="366" hits="0" branch="False" />
                <line number="367" hits="0" branch="False" />
                <line number="368" hits="0" branch="True" condition-coverage="0% (0/4)">
                  <conditions>
                    <condition number="210" type="jump" coverage="0%" />
                    <condition number="229" type="jump" coverage="0%" />
                  </conditions>
                </line>
                <line number="369" hits="0" branch="False" />
                <line number="370" hits="0" branch="True" condition-coverage="0% (0/2)">
                  <conditions>
                    <condition number="629" type="jump" coverage="0%" />
                  </conditions>
                </line>
                <line number="371" hits="0" branch="False" />
                <line number="372" hits="0" branch="False" />
                <line number="373" hits="0" branch="True" condition-coverage="0% (0/2)">
                  <conditions>
                    <condition number="309" type="jump" coverage="0%" />
                  </conditions>
                </line>
                <line number="374" hits="0" branch="True" condition-coverage="0% (0/2)">
                  <conditions>
                    <condition number="344" type="jump" coverage="0%" />
                  </conditions>
                </line>
                <line number="375" hits="0" branch="False" />
                <line number="376" hits="0" branch="False" />
                <line number="377" hits="0" branch="False" />
                <line number="378" hits="0" branch="True" condition-coverage="0% (0/2)">
                  <conditions>
                    <condition number="399" type="jump" coverage="0%" />
                  </conditions>
                </line>
                <line number="379" hits="0" branch="False" />
                <line number="380" hits="0" branch="False" />
                <line number="381" hits="0" branch="False" />
                <line number="382" hits="0" branch="False" />
                <line number="383" hits="0" branch="False" />
                <line number="385" hits="0" branch="False" />
                <line number="386" hits="0" branch="False" />
                <line number="387" hits="0" branch="True" condition-coverage="0% (0/2)">
                  <conditions>
                    <condition number="462" type="jump" coverage="0%" />
                  </conditions>
                </line>
                <line number="388" hits="0" branch="False" />
                <line number="389" hits="0" branch="False" />
                <line number="390" hits="0" branch="True" condition-coverage="0% (0/2)">
                  <conditions>
                    <condition number="511" type="jump" coverage="0%" />
                  </conditions>
                </line>
                <line number="391" hits="0" branch="False" />
                <line number="392" hits="0" branch="True" condition-coverage="0% (0/4)">
                  <conditions>
                    <condition number="516" type="jump" coverage="0%" />
                    <condition number="529" type="jump" coverage="0%" />
                  </conditions>
                </line>
                <line number="393" hits="0" branch="True" condition-coverage="0% (0/2)">
                  <conditions>
                    <condition number="551" type="jump" coverage="0%" />
                  </conditions>
                </line>
                <line number="394" hits="0" branch="False" />
                <line number="395" hits="0" branch="False" />
                <line number="397" hits="0" branch="True" condition-coverage="0% (0/2)">
                  <conditions>
                    <condition number="601" type="jump" coverage="0%" />
                  </conditions>
                </line>
                <line number="398" hits="0" branch="False" />
                <line number="399" hits="0" branch="False" />
                <line number="400" hits="0" branch="False" />
                <line number="401" hits="0" branch="False" />
                <line number="402" hits="0" branch="False" />
                <line number="403" hits="0" branch="False" />
                <line number="404" hits="0" branch="False" />
                <line number="405" hits="0" branch="False" />
                <line number="407" hits="0" branch="True" condition-coverage="0% (0/6)">
                  <conditions>
                    <condition number="662" type="jump" coverage="0%" />
                    <condition number="674" type="jump" coverage="0%" />
                    <condition number="696" type="jump" coverage="0%" />
                  </conditions>
                </line>
                <line number="408" hits="0" branch="False" />
                <line number="409" hits="0" branch="False" />
                <line number="410" hits="0" branch="False" />
                <line number="411" hits="0" branch="False" />
                <line number="413" hits="0" branch="True" condition-coverage="0% (0/8)">
                  <conditions>
                    <condition number="738" type="jump" coverage="0%" />
                    <condition number="748" type="jump" coverage="0%" />
                    <condition number="760" type="jump" coverage="0%" />
                    <condition number="782" type="jump" coverage="0%" />
                  </conditions>
                </line>
                <line number="414" hits="0" branch="False" />
                <line number="415" hits="0" branch="True" condition-coverage="0% (0/2)">
                  <conditions>
                    <condition number="898" type="jump" coverage="0%" />
                  </conditions>
                </line>
                <line number="416" hits="0" branch="False" />
                <line number="417" hits="0" branch="False" />
                <line number="418" hits="0" branch="True" condition-coverage="0% (0/2)">
                  <conditions>
                    <condition number="861" type="jump" coverage="0%" />
                  </conditions>
                </line>
                <line number="419" hits="0" branch="False" />
                <line number="420" hits="0" branch="False" />
                <line number="421" hits="0" branch="False" />
                <line number="422" hits="0" branch="False" />
                <line number="423" hits="0" branch="False" />
                <line number="424" hits="0" branch="False" />
                <line number="425" hits="0" branch="True" condition-coverage="0% (0/2)">
                  <conditions>
                    <condition number="1499" type="jump" coverage="0%" />
                  </conditions>
                </line>
                <line number="426" hits="0" branch="False" />
                <line number="427" hits="0" branch="False" />
                <line number="428" hits="0" branch="True" condition-coverage="0% (0/8)">
                  <conditions>
                    <condition number="981" type="jump" coverage="0%" />
                    <condition number="996" type="jump" coverage="0%" />
                    <condition number="1014" type="jump" coverage="0%" />
                    <condition number="1042" type="jump" coverage="0%" />
                  </conditions>
                </line>
                <line number="429" hits="0" branch="False" />
                <line number="430" hits="0" branch="False" />
                <line number="431" hits="0" branch="False" />
                <line number="432" hits="0" branch="False" />
                <line number="433" hits="0" branch="False" />
                <line number="434" hits="0" branch="True" condition-coverage="0% (0/2)">
                  <conditions>
                    <condition number="1082" type="jump" coverage="0%" />
                  </conditions>
                </line>
                <line number="435" hits="0" branch="False" />
                <line number="436" hits="0" branch="True" condition-coverage="0% (0/2)">
                  <conditions>
                    <condition number="1095" type="jump" coverage="0%" />
                  </conditions>
                </line>
                <line number="437" hits="0" branch="False" />
                <line number="438" hits="0" branch="True" condition-coverage="0% (0/4)">
                  <conditions>
                    <condition number="1137" type="jump" coverage="0%" />
                    <condition number="1161" type="jump" coverage="0%" />
                  </conditions>
                </line>
                <line number="439" hits="0" branch="False" />
                <line number="440" hits="0" branch="False" />
                <line number="441" hits="0" branch="False" />
                <line number="442" hits="0" branch="True" condition-coverage="0% (0/2)">
                  <conditions>
                    <condition number="1199" type="jump" coverage="0%" />
                  </conditions>
                </line>
                <line number="443" hits="0" branch="False" />
                <line number="444" hits="0" branch="False" />
                <line number="445" hits="0" branch="False" />
                <line number="446" hits="0" branch="True" condition-coverage="0% (0/2)">
                  <conditions>
                    <condition number="1221" type="jump" coverage="0%" />
                  </conditions>
                </line>
                <line number="447" hits="0" branch="False" />
                <line number="448" hits="0" branch="True" condition-coverage="0% (0/2)">
                  <conditions>
                    <condition number="1243" type="jump" coverage="0%" />
                  </conditions>
                </line>
                <line number="449" hits="0" branch="False" />
                <line number="450" hits="0" branch="False" />
                <line number="451" hits="0" branch="True" condition-coverage="0% (0/4)">
                  <conditions>
                    <condition number="1271" type="jump" coverage="0%" />
                    <condition number="1293" type="jump" coverage="0%" />
                  </conditions>
                </line>
                <line number="452" hits="0" branch="False" />
                <line number="453" hits="0" branch="True" condition-coverage="0% (0/2)">
                  <conditions>
                    <condition number="1308" type="jump" coverage="0%" />
                  </conditions>
                </line>
                <line number="454" hits="0" branch="True" condition-coverage="0% (0/2)">
                  <conditions>
                    <condition number="1330" type="jump" coverage="0%" />
                  </conditions>
                </line>
                <line number="455" hits="0" branch="False" />
                <line number="456" hits="0" branch="False" />
                <line number="458" hits="0" branch="False" />
                <line number="459" hits="0" branch="True" condition-coverage="0% (0/2)">
                  <conditions>
                    <condition number="1387" type="jump" coverage="0%" />
                  </conditions>
                </line>
                <line number="460" hits="0" branch="False" />
                <line number="461" hits="0" branch="False" />
                <line number="462" hits="0" branch="False" />
                <line number="463" hits="0" branch="False" />
                <line number="464" hits="0" branch="False" />
                <line number="465" hits="0" branch="False" />
                <line number="467" hits="0" branch="False" />
                <line number="468" hits="0" branch="True" condition-coverage="0% (0/2)">
                  <conditions>
                    <condition number="1426" type="jump" coverage="0%" />
                  </conditions>
                </line>
                <line number="469" hits="0" branch="False" />
                <line number="470" hits="0" branch="False" />
                <line number="471" hits="0" branch="True" condition-coverage="0% (0/4)">
                  <conditions>
                    <condition number="1447" type="jump" coverage="0%" />
                    <condition number="1469" type="jump" coverage="0%" />
                  </conditions>
                </line>
                <line number="472" hits="0" branch="False" />
                <line number="473" hits="0" branch="False" />
                <line number="474" hits="0" branch="False" />
                <line number="475" hits="0" branch="False" />
                <line number="476" hits="0" branch="False" />
                <line number="477" hits="0" branch="False" />
                <line number="478" hits="0" branch="False" />
                <line number="480" hits="0" branch="False" />
                <line number="481" hits="0" branch="False" />
              </lines>
            </method>
            <method name="UnwrapOpenApiParameter" signature="(Microsoft.OpenApi.IOpenApiParameter)" line-rate="0" branch-rate="0" complexity="6">
              <lines>
                <line number="484" hits="0" branch="False" />
                <line number="485" hits="0" branch="True" condition-coverage="0% (0/2)">
                  <conditions>
                    <condition number="14" type="jump" coverage="0%" />
                  </conditions>
                </line>
                <line number="486" hits="0" branch="False" />
                <line number="487" hits="0" branch="True" condition-coverage="0% (0/2)">
                  <conditions>
                    <condition number="35" type="jump" coverage="0%" />
                  </conditions>
                </line>
                <line number="488" hits="0" branch="False" />
                <line number="489" hits="0" branch="False" />
                <line number="492" hits="0" branch="False" />
                <line number="493" hits="0" branch="False" />
                <line number="496" hits="0" branch="True" condition-coverage="0% (0/2)">
                  <conditions>
                    <condition number="72" type="jump" coverage="0%" />
                  </conditions>
                </line>
                <line number="497" hits="0" branch="False" />
                <line number="498" hits="0" branch="False" />
                <line number="501" hits="0" branch="False" />
                <line number="502" hits="0" branch="False" />
                <line number="504" hits="0" branch="False" />
              </lines>
            </method>
          </methods>
          <lines>
            <line number="345" hits="0" branch="False" />
            <line number="346" hits="0" branch="True" condition-coverage="0% (0/2)">
              <conditions>
                <condition number="19" type="jump" coverage="0%" />
              </conditions>
            </line>
            <line number="347" hits="0" branch="False" />
            <line number="348" hits="0" branch="False" />
            <line number="350" hits="0" branch="True" condition-coverage="0% (0/2)">
              <conditions>
                <condition number="62" type="jump" coverage="0%" />
              </conditions>
            </line>
            <line number="351" hits="0" branch="False" />
            <line number="352" hits="0" branch="False" />
            <line number="354" hits="0" branch="True" condition-coverage="0% (0/2)">
              <conditions>
                <condition number="104" type="jump" coverage="0%" />
              </conditions>
            </line>
            <line number="355" hits="0" branch="False" />
            <line number="356" hits="0" branch="True" condition-coverage="0% (0/2)">
              <conditions>
                <condition number="127" type="jump" coverage="0%" />
              </conditions>
            </line>
            <line number="357" hits="0" branch="False" />
            <line number="358" hits="0" branch="False" />
            <line number="359" hits="0" branch="False" />
            <line number="360" hits="0" branch="True" condition-coverage="0% (0/2)">
              <conditions>
                <condition number="157" type="jump" coverage="0%" />
              </conditions>
            </line>
            <line number="361" hits="0" branch="False" />
            <line number="362" hits="0" branch="False" />
            <line number="363" hits="0" branch="False" />
            <line number="364" hits="0" branch="True" condition-coverage="0% (0/2)">
              <conditions>
                <condition number="187" type="jump" coverage="0%" />
              </conditions>
            </line>
            <line number="365" hits="0" branch="False" />
            <line number="366" hits="0" branch="False" />
            <line number="367" hits="0" branch="False" />
            <line number="368" hits="0" branch="True" condition-coverage="0% (0/4)">
              <conditions>
                <condition number="210" type="jump" coverage="0%" />
                <condition number="229" type="jump" coverage="0%" />
              </conditions>
            </line>
            <line number="369" hits="0" branch="False" />
            <line number="370" hits="0" branch="True" condition-coverage="0% (0/2)">
              <conditions>
                <condition number="629" type="jump" coverage="0%" />
              </conditions>
            </line>
            <line number="371" hits="0" branch="False" />
            <line number="372" hits="0" branch="False" />
            <line number="373" hits="0" branch="True" condition-coverage="0% (0/2)">
              <conditions>
                <condition number="309" type="jump" coverage="0%" />
              </conditions>
            </line>
            <line number="374" hits="0" branch="True" condition-coverage="0% (0/2)">
              <conditions>
                <condition number="344" type="jump" coverage="0%" />
              </conditions>
            </line>
            <line number="375" hits="0" branch="False" />
            <line number="376" hits="0" branch="False" />
            <line number="377" hits="0" branch="False" />
            <line number="378" hits="0" branch="True" condition-coverage="0% (0/2)">
              <conditions>
                <condition number="399" type="jump" coverage="0%" />
              </conditions>
            </line>
            <line number="379" hits="0" branch="False" />
            <line number="380" hits="0" branch="False" />
            <line number="381" hits="0" branch="False" />
            <line number="382" hits="0" branch="False" />
            <line number="383" hits="0" branch="False" />
            <line number="385" hits="0" branch="False" />
            <line number="386" hits="0" branch="False" />
            <line number="387" hits="0" branch="True" condition-coverage="0% (0/2)">
              <conditions>
                <condition number="462" type="jump" coverage="0%" />
              </conditions>
            </line>
            <line number="388" hits="0" branch="False" />
            <line number="389" hits="0" branch="False" />
            <line number="390" hits="0" branch="True" condition-coverage="0% (0/2)">
              <conditions>
                <condition number="511" type="jump" coverage="0%" />
              </conditions>
            </line>
            <line number="391" hits="0" branch="False" />
            <line number="392" hits="0" branch="True" condition-coverage="0% (0/4)">
              <conditions>
                <condition number="516" type="jump" coverage="0%" />
                <condition number="529" type="jump" coverage="0%" />
              </conditions>
            </line>
            <line number="393" hits="0" branch="True" condition-coverage="0% (0/2)">
              <conditions>
                <condition number="551" type="jump" coverage="0%" />
              </conditions>
            </line>
            <line number="394" hits="0" branch="False" />
            <line number="395" hits="0" branch="False" />
            <line number="397" hits="0" branch="True" condition-coverage="0% (0/2)">
              <conditions>
                <condition number="601" type="jump" coverage="0%" />
              </conditions>
            </line>
            <line number="398" hits="0" branch="False" />
            <line number="399" hits="0" branch="False" />
            <line number="400" hits="0" branch="False" />
            <line number="401" hits="0" branch="False" />
            <line number="402" hits="0" branch="False" />
            <line number="403" hits="0" branch="False" />
            <line number="404" hits="0" branch="False" />
[...]
                <line number="60" hits="1" branch="False" />
                <line number="61" hits="1" branch="False" />
                <line number="62" hits="1" branch="False" />
                <line number="63" hits="2" branch="False" />
                <line number="64" hits="1" branch="False" />
              </lines>
            </method>
            <method name=".ctor" signature="(Microsoft.EntityFrameworkCore.DbContextOptions`1&lt;Vault.Data.AppDbContext&gt;)" line-rate="1" branch-rate="1" complexity="1">
              <lines>
                <line number="15" hits="35" branch="False" />
                <line number="16" hits="35" branch="False" />
                <line number="17" hits="35" branch="False" />
              </lines>
            </method>
          </methods>
          <lines>
            <line number="22" hits="57" branch="False" />
            <line number="27" hits="48" branch="False" />
            <line number="34" hits="1" branch="False" />
            <line number="35" hits="1" branch="False" />
            <line number="38" hits="1" branch="False" />
            <line number="39" hits="1" branch="False" />
            <line number="40" hits="1" branch="False" />
            <line number="41" hits="1" branch="False" />
            <line number="42" hits="1" branch="False" />
            <line number="43" hits="1" branch="False" />
            <line number="44" hits="1" branch="False" />
            <line number="45" hits="1" branch="False" />
            <line number="46" hits="1" branch="False" />
            <line number="47" hits="1" branch="False" />
            <line number="48" hits="1" branch="False" />
            <line number="49" hits="1" branch="False" />
            <line number="50" hits="1" branch="False" />
            <line number="51" hits="2" branch="False" />
            <line number="54" hits="1" branch="False" />
            <line number="55" hits="1" branch="False" />
            <line number="56" hits="1" branch="False" />
            <line number="57" hits="1" branch="False" />
            <line number="58" hits="1" branch="False" />
            <line number="59" hits="1" branch="False" />
            <line number="60" hits="1" branch="False" />
            <line number="61" hits="1" branch="False" />
            <line number="62" hits="1" branch="False" />
            <line number="63" hits="2" branch="False" />
            <line number="64" hits="1" branch="False" />
            <line number="15" hits="35" branch="False" />
            <line number="16" hits="35" branch="False" />
            <line number="17" hits="35" branch="False" />
          </lines>
        </class>
        <class name="Vault.Controllers.AuthController" filename="Controllers/AuthController.cs" line-rate="1" branch-rate="1" complexity="1">
          <methods>
            <method name=".ctor" signature="(Vault.Services.Interfaces.IAuthService,Microsoft.Extensions.Logging.ILogger`1&lt;Vault.Controllers.AuthController&gt;)" line-rate="1" branch-rate="1" complexity="1">
              <lines>
                <line number="17" hits="5" branch="False" />
                <line number="18" hits="5" branch="False" />
                <line number="19" hits="5" branch="False" />
                <line number="20" hits="5" branch="False" />
                <line number="21" hits="5" branch="False" />
              </lines>
            </method>
          </methods>
          <lines>
            <line number="17" hits="5" branch="False" />
            <line number="18" hits="5" branch="False" />
            <line number="19" hits="5" branch="False" />
            <line number="20" hits="5" branch="False" />
            <line number="21" hits="5" branch="False" />
          </lines>
        </class>
        <class name="Vault.Controllers.AuthController/&lt;Login&gt;d__4" filename="Controllers/AuthController.cs" line-rate="1" branch-rate="1" complexity="1">
          <methods>
            <method name="MoveNext" signature="()" line-rate="1" branch-rate="1" complexity="1">
              <lines>
                <line number="42" hits="2" branch="False" />
                <line number="43" hits="2" branch="False" />
                <line number="45" hits="2" branch="False" />
                <line number="47" hits="1" branch="False" />
                <line number="48" hits="1" branch="False" />
                <line number="49" hits="1" branch="False" />
                <line number="50" hits="1" branch="False" />
                <line number="51" hits="1" branch="False" />
                <line number="52" hits="1" branch="False" />
                <line number="54" hits="1" branch="False" />
                <line number="55" hits="1" branch="False" />
              </lines>
            </method>
          </methods>
          <lines>
            <line number="42" hits="2" branch="False" />
            <line number="43" hits="2" branch="False" />
            <line number="45" hits="2" branch="False" />
            <line number="47" hits="1" branch="False" />
            <line number="48" hits="1" branch="False" />
            <line number="49" hits="1" branch="False" />
            <line number="50" hits="1" branch="False" />
            <line number="51" hits="1" branch="False" />
            <line number="52" hits="1" branch="False" />
            <line number="54" hits="1" branch="False" />
            <line number="55" hits="1" branch="False" />
          </lines>
        </class>
        <class name="Vault.Controllers.AuthController/&lt;Register&gt;d__3" filename="Controllers/AuthController.cs" line-rate="1" branch-rate="1" complexity="1">
          <methods>
            <method name="MoveNext" signature="()" line-rate="1" branch-rate="1" complexity="1">
              <lines>
                <line number="25" hits="2" branch="False" />
                <line number="26" hits="2" branch="False" />
                <line number="28" hits="2" branch="False" />
                <line number="30" hits="1" branch="False" />
                <line number="31" hits="1" branch="False" />
                <line number="32" hits="1" branch="False" />
                <line number="33" hits="1" branch="False" />
                <line number="34" hits="1" branch="False" />
                <line number="35" hits="1" branch="False" />
                <line number="37" hits="1" branch="False" />
                <line number="38" hits="1" branch="False" />
              </lines>
            </method>
          </methods>
          <lines>
            <line number="25" hits="2" branch="False" />
            <line number="26" hits="2" branch="False" />
            <line number="28" hits="2" branch="False" />
            <line number="30" hits="1" branch="False" />
            <line number="31" hits="1" branch="False" />
            <line number="32" hits="1" branch="False" />
            <line number="33" hits="1" branch="False" />
            <line number="34" hits="1" branch="False" />
            <line number="35" hits="1" branch="False" />
            <line number="37" hits="1" branch="False" />
            <line number="38" hits="1" branch="False" />
          </lines>
        </class>
        <class name="Vault.Controllers.ProductsController" filename="Controllers/ProductsController.cs" line-rate="1" branch-rate="1" complexity="1">
          <methods>
            <method name=".ctor" signature="(Vault.Services.Interfaces.IProductService,Microsoft.Extensions.Logging.ILogger`1&lt;Vault.Controllers.ProductsController&gt;)" line-rate="1" branch-rate="1" complexity="1">
              <lines>
                <line number="19" hits="12" branch="False" />
                <line number="20" hits="12" branch="False" />
                <line number="21" hits="12" branch="False" />
                <line number="22" hits="12" branch="False" />
                <line number="23" hits="12" branch="False" />
              </lines>
            </method>
          </methods>
          <lines>
            <line number="19" hits="12" branch="False" />
            <line number="20" hits="12" branch="False" />
            <line number="21" hits="12" branch="False" />
            <line number="22" hits="12" branch="False" />
            <line number="23" hits="12" branch="False" />
          </lines>
        </class>
        <class name="Vault.Controllers.ProductsController/&lt;Create&gt;d__5" filename="Controllers/ProductsController.cs" line-rate="1" branch-rate="1" complexity="1">
          <methods>
            <method name="MoveNext" signature="()" line-rate="1" branch-rate="1" complexity="1">
              <lines>
                <line number="77" hits="1" branch="False" />
                <line number="78" hits="1" branch="False" />
                <line number="80" hits="1" branch="False" />
                <line number="82" hits="1" branch="False" />
                <line number="83" hits="1" branch="False" />
                <line number="84" hits="1" branch="False" />
                <line number="85" hits="1" branch="False" />
                <line number="86" hits="1" branch="False" />
                <line number="87" hits="1" branch="False" />
                <line number="89" hits="1" branch="False" />
                <line number="90" hits="1" branch="False" />
              </lines>
            </method>
          </methods>
          <lines>
            <line number="77" hits="1" branch="False" />
            <line number="78" hits="1" branch="False" />
            <line number="80" hits="1" branch="False" />
            <line number="82" hits="1" branch="False" />
            <line number="83" hits="1" branch="False" />
            <line number="84" hits="1" branch="False" />
            <line number="85" hits="1" branch="False" />
            <line number="86" hits="1" branch="False" />
            <line number="87" hits="1" branch="False" />
            <line number="89" hits="1" branch="False" />
            <line number="90" hits="1" branch="False" />
          </lines>
        </class>
        <class name="Vault.Controllers.ProductsController/&lt;Delete&gt;d__7" filename="Controllers/ProductsController.cs" line-rate="1" branch-rate="1" complexity="2">
          <methods>
            <method name="MoveNext" signature="()" line-rate="1" branch-rate="1" complexity="2">
              <lines>
                <line number="120" hits="3" branch="False" />
                <line number="121" hits="3" branch="True" condition-coverage="100% (2/2)">
                  <conditions>
                    <condition number="32" type="jump" coverage="100%" />
                  </conditions>
                </line>
                <line number="122" hits="1" branch="False" />
                <line number="123" hits="1" branch="False" />
                <line number="124" hits="1" branch="False" />
                <line number="125" hits="1" branch="False" />
                <line number="126" hits="1" branch="False" />
                <line number="127" hits="1" branch="False" />
                <line number="130" hits="2" branch="False" />
                <line number="132" hits="2" branch="False" />
                <line number="134" hits="1" branch="False" />
                <line number="135" hits="2" branch="False" />
              </lines>
            </method>
          </methods>
          <lines>
            <line number="120" hits="3" branch="False" />
            <line number="121" hits="3" branch="True" condition-coverage="100% (2/2)">
              <conditions>
                <condition number="32" type="jump" coverage="100%" />
              </conditions>
            </line>
            <line number="122" hits="1" branch="False" />
            <line number="123" hits="1" branch="False" />
            <line number="124" hits="1" branch="False" />
            <line number="125" hits="1" branch="False" />
            <line number="126" hits="1" branch="False" />
            <line number="127" hits="1" branch="False" />
            <line number="130" hits="2" branch="False" />
            <line number="132" hits="2" branch="False" />
            <line number="134" hits="1" branch="False" />
            <line number="135" hits="2" branch="False" />
          </lines>
        </class>
        <class name="Vault.Controllers.ProductsController/&lt;GetAll&gt;d__3" filename="Controllers/ProductsController.cs" line-rate="1" branch-rate="1" complexity="1">
          <methods>
            <method name="MoveNext" signature="()" line-rate="1" branch-rate="1" complexity="1">
              <lines>
                <line number="34" hits="1" branch="False" />
                <line number="35" hits="1" branch="False" />
                <line number="37" hits="1" branch="False" />
                <line number="39" hits="1" branch="False" />
                <line number="40" hits="1" branch="False" />
                <line number="41" hits="1" branch="False" />
                <line number="42" hits="1" branch="False" />
                <line number="43" hits="1" branch="False" />
                <line number="44" hits="1" branch="False" />
                <line number="46" hits="1" branch="False" />
                <line number="47" hits="1" branch="False" />
              </lines>
            </method>
          </methods>
          <lines>
            <line number="34" hits="1" branch="False" />
            <line number="35" hits="1" branch="False" />
            <line number="37" hits="1" branch="False" />
            <line number="39" hits="1" branch="False" />
            <line number="40" hits="1" branch="False" />
            <line number="41" hits="1" branch="False" />
            <line number="42" hits="1" branch="False" />
            <line number="43" hits="1" branch="False" />
            <line number="44" hits="1" branch="False" />
            <line number="46" hits="1" branch="False" />
            <line number="47" hits="1" branch="False" />
          </lines>
        </class>
        <class name="Vault.Controllers.ProductsController/&lt;GetById&gt;d__4" filename="Controllers/ProductsController.cs" line-rate="1" branch-rate="1" complexity="2">
          <methods>
            <method name="MoveNext" signature="()" line-rate="1" branch-rate="1" complexity="2">
              <lines>
                <line number="51" hits="3" branch="False" />
                <line number="52" hits="3" branch="True" condition-coverage="100% (2/2)">
                  <conditions>
                    <condition number="32" type="jump" coverage="100%" />
                  </conditions>
                </line>
                <line number="53" hits="1" branch="False" />
                <line number="54" hits="1" branch="False" />
                <line number="55" hits="1" branch="False" />
                <line number="56" hits="1" branch="False" />
                <line number="57" hits="1" branch="False" />
                <line number="58" hits="1" branch="False" />
                <line number="61" hits="2" branch="False" />
                <line number="63" hits="2" branch="False" />
                <line number="65" hits="1" branch="False" />
                <line number="66" hits="1" branch="False" />
                <line number="67" hits="1" branch="False" />
                <line number="68" hits="1" branch="False" />
                <line number="69" hits="1" branch="False" />
                <line number="70" hits="1" branch="False" />
                <line number="72" hits="1" branch="False" />
                <line number="73" hits="2" branch="False" />
              </lines>
            </method>
          </methods>
          <lines>
            <line number="51" hits="3" branch="False" />
            <line number="52" hits="3" branch="True" condition-coverage="100% (2/2)">
              <conditions>
                <condition number="32" type="jump" coverage="100%" />
              </conditions>
            </line>
            <line number="53" hits="1" branch="False" />
            <line number="54" hits="1" branch="False" />
            <line number="55" hits="1" branch="False" />
            <line number="56" hits="1" branch="False" />
            <line number="57" hits="1" branch="False" />
            <line number="58" hits="1" branch="False" />
            <line number="61" hits="2" branch="False" />
            <line number="63" hits="2" branch="False" />
            <line number="65" hits="1" branch="False" />
            <line number="66" hits="1" branch="False" />
            <line number="67" hits="1" branch="False" />
            <line number="68" hits="1" branch="False" />
            <line number="69" hits="1" branch="False" />
            <line number="70" hits="1" branch="False" />
            <line number="72" hits="1" branch="False" />
            <line number="73" hits="2" branch="False" />
          </lines>
        </class>
        <class name="Vault.Controllers.ProductsController/&lt;Update&gt;d__6" filename="Controllers/ProductsController.cs" line-rate="1" branch-rate="1" complexity="2">
          <methods>
            <method name="MoveNext" signature="()" line-rate="1" branch-rate="1" complexity="2">
              <lines>
                <line number="94" hits="3" branch="False" />
                <line number="95" hits="3" branch="True" condition-coverage="100% (2/2)">
                  <conditions>
                    <condition number="32" type="jump" coverage="100%" />
                  </conditions>
                </line>
                <line number="96" hits="1" branch="False" />
                <line number="97" hits="1" branch="False" />
                <line number="98" hits="1" branch="False" />
                <line number="99" hits="1" branch="False" />
                <line number="100" hits="1" branch="False" />
                <line number="101" hits="1" branch="False" />
                <line number="104" hits="2" branch="False" />
                <line number="106" hits="2" branch="False" />
                <line number="108" hits="1" branch="False" />
                <line number="109" hits="1" branch="False" />
                <line number="110" hits="1" branch="False" />
                <line number="111" hits="1" branch="False" />
                <line number="112" hits="1" branch="False" />
                <line number="113" hits="1" branch="False" />
                <line number="115" hits="1" branch="False" />
                <line number="116" hits="2" branch="False" />
              </lines>
            </method>
          </methods>
          <lines>
            <line number="94" hits="3" branch="False" />
            <line number="95" hits="3" branch="True" condition-coverage="100% (2/2)">
              <conditions>
                <condition number="32" type="jump" coverage="100%" />
              </conditions>
            </line>
            <line number="96" hits="1" branch="False" />
            <line number="97" hits="1" branch="False" />
            <line number="98" hits="1" branch="False" />
            <line number="99" hits="1" branch="False" />
            <line number="100" hits="1" branch="False" />
            <line number="101" hits="1" branch="False" />
            <line number="104" hits="2" branch="False" />
            <line number="106" hits="2" branch="False" />
            <line number="108" hits="1" branch="False" />
            <line number="109" hits="1" branch="False" />
            <line number="110" hits="1" branch="False" />
            <line number="111" hits="1" branch="False" />
            <line number="112" hits="1" branch="False" />
            <line number="113" hits="1" branch="False" />
            <line number="115" hits="1" branch="False" />
            <line number="116" hits="2" branch="False" />
          </lines>
        </class>
      </classes>
    </package>
  </packages>
</coverage>